-------------------------------------------------------------------------------
Test set: com.example.WebTest
-------------------------------------------------------------------------------
Tests run: 1, Failures: 1, Errors: 0, Skipped: 0, Time elapsed: 2.747 s <<< FAILURE! - in com.example.WebTest
testGoogleSearch  Time elapsed: 2.747 s  <<< FAILURE!
org.opentest4j.AssertionFailedError: expected: <true> but was: <false>
	at com.example.WebTest.testGoogleSearch(WebTest.java:22)

