# JRE version: OpenJDK Runtime Environment Temurin-17.0.11+9 (17.0.11+9) (build 17.0.11+9)
# Java VM: OpenJDK 64-Bit Server VM Temurin-17.0.11+9 (17.0.11+9, mixed mode, tiered, compressed oops, compressed class ptrs, parallel gc, windows-amd64)
GC Precious Log:
 CPUs: 2 total, 2 available
 Memory: 3941M
 Large Page Support: Disabled
 NUMA Support: Disabled
 Compressed Oops: Enabled (32-bit)
 Alignments: Space 512K, Generation 512K, Heap 2M
 Heap Min Capacity: 100M
 Heap Initial Capacity: 100M
 Heap Max Capacity: 1G
 Pre-touch: Disabled
 Parallel Workers: 2
Heap:
 PSYoungGen      total 16896K, used 11250K [0x00000000eab00000, 0x00000000ec180000, 0x0000000100000000)
  eden space 11776K, 56% used [0x00000000eab00000,0x00000000eb172818,0x00000000eb680000)
  from space 5120K, 90% used [0x00000000ebc80000,0x00000000ec10a018,0x00000000ec180000)
  to   space 5120K, 0% used [0x00000000eb780000,0x00000000eb780000,0x00000000ebc80000)
 ParOldGen       total 116224K, used 102928K [0x00000000c0000000, 0x00000000c7180000, 0x00000000eab00000)
  object space 116224K, 88% used [0x00000000c0000000,0x00000000c6484078,0x00000000c7180000)
 Metaspace       used 73102K, committed 74368K, reserved 1179648K
  class space    used 7663K, committed 8256K, reserved 1048576K
GC Heap History (20 events):
Event: 137.908 GC heap before
{Heap before GC invocations=72 (full 5):
 PSYoungGen      total 14336K, used 14332K [0x00000000eab00000, 0x00000000ebe80000, 0x0000000100000000)
  eden space 11776K, 99% used [0x00000000eab00000,0x00000000eb67f2e0,0x00000000eb680000)
  from space 2560K, 99% used [0x00000000eba00000,0x00000000ebc7fd60,0x00000000ebc80000)
  to   space 3584K, 0% used [0x00000000eb680000,0x00000000eb680000,0x00000000eba00000)
 ParOldGen       total 116224K, used 98815K [0x00000000c0000000, 0x00000000c7180000, 0x00000000eab00000)
  object space 116224K, 85% used [0x00000000c0000000,0x00000000c607fe90,0x00000000c7180000)
 Metaspace       used 70218K, committed 71424K, reserved 1114112K
  class space    used 7350K, committed 7872K, reserved 1048576K
}
Event: 137.923 GC heap after
{Heap after GC invocations=72 (full 5):
 PSYoungGen      total 15360K, used 3328K [0x00000000eab00000, 0x00000000ebd80000, 0x0000000100000000)
  eden space 11776K, 0% used [0x00000000eab00000,0x00000000eab00000,0x00000000eb680000)
  from space 3584K, 92% used [0x00000000eb680000,0x00000000eb9c0390,0x00000000eba00000)
  to   space 3584K, 0% used [0x00000000eba00000,0x00000000eba00000,0x00000000ebd80000)
 ParOldGen       total 116224K, used 98940K [0x00000000c0000000, 0x00000000c7180000, 0x00000000eab00000)
  object space 116224K, 85% used [0x00000000c0000000,0x00000000c609f1c8,0x00000000c7180000)
 Metaspace       used 70218K, committed 71424K, reserved 1114112K
  class space    used 7350K, committed 7872K, reserved 1048576K
}
Event: 148.008 GC heap before
{Heap before GC invocations=73 (full 5):
 PSYoungGen      total 15360K, used 15104K [0x00000000eab00000, 0x00000000ebd80000, 0x0000000100000000)
  eden space 11776K, 99% used [0x00000000eab00000,0x00000000eb67fff8,0x00000000eb680000)
  from space 3584K, 92% used [0x00000000eb680000,0x00000000eb9c0390,0x00000000eba00000)
  to   space 3584K, 0% used [0x00000000eba00000,0x00000000eba00000,0x00000000ebd80000)
 ParOldGen       total 116224K, used 98940K [0x00000000c0000000, 0x00000000c7180000, 0x00000000eab00000)
  object space 116224K, 85% used [0x00000000c0000000,0x00000000c609f1c8,0x00000000c7180000)
 Metaspace       used 70615K, committed 71808K, reserved 1114112K
  class space    used 7388K, committed 7936K, reserved 1048576K
}
Event: 148.018 GC heap after
{Heap after GC invocations=73 (full 5):
 PSYoungGen      total 15360K, used 3311K [0x00000000eab00000, 0x00000000ebd80000, 0x0000000100000000)
  eden space 11776K, 0% used [0x00000000eab00000,0x00000000eab00000,0x00000000eb680000)
  from space 3584K, 92% used [0x00000000eba00000,0x00000000ebd3bd80,0x00000000ebd80000)
  to   space 3584K, 0% used [0x00000000eb680000,0x00000000eb680000,0x00000000eba00000)
 ParOldGen       total 116224K, used 98948K [0x00000000c0000000, 0x00000000c7180000, 0x00000000eab00000)
  object space 116224K, 85% used [0x00000000c0000000,0x00000000c60a11c8,0x00000000c7180000)
 Metaspace       used 70615K, committed 71808K, reserved 1114112K
  class space    used 7388K, committed 7936K, reserved 1048576K
}
Event: 158.947 GC heap before
{Heap before GC invocations=74 (full 5):
 PSYoungGen      total 15360K, used 15087K [0x00000000eab00000, 0x00000000ebd80000, 0x0000000100000000)
  eden space 11776K, 99% used [0x00000000eab00000,0x00000000eb67ffe8,0x00000000eb680000)
  from space 3584K, 92% used [0x00000000eba00000,0x00000000ebd3bd80,0x00000000ebd80000)
  to   space 3584K, 0% used [0x00000000eb680000,0x00000000eb680000,0x00000000eba00000)
 ParOldGen       total 116224K, used 98948K [0x00000000c0000000, 0x00000000c7180000, 0x00000000eab00000)
  object space 116224K, 85% used [0x00000000c0000000,0x00000000c60a11c8,0x00000000c7180000)
 Metaspace       used 70670K, committed 71872K, reserved 1114112K
  class space    used 7395K, committed 7936K, reserved 1048576K
}
Event: 158.957 GC heap after
{Heap after GC invocations=74 (full 5):
 PSYoungGen      total 15360K, used 3439K [0x00000000eab00000, 0x00000000ebd80000, 0x0000000100000000)
  eden space 11776K, 0% used [0x00000000eab00000,0x00000000eab00000,0x00000000eb680000)
  from space 3584K, 95% used [0x00000000eb680000,0x00000000eb9dbd70,0x00000000eba00000)
  to   space 3584K, 0% used [0x00000000eba00000,0x00000000eba00000,0x00000000ebd80000)
 ParOldGen       total 116224K, used 98956K [0x00000000c0000000, 0x00000000c7180000, 0x00000000eab00000)
  object space 116224K, 85% used [0x00000000c0000000,0x00000000c60a31c8,0x00000000c7180000)
 Metaspace       used 70670K, committed 71872K, reserved 1114112K
  class space    used 7395K, committed 7936K, reserved 1048576K
}
Event: 161.690 GC heap before
{Heap before GC invocations=75 (full 5):
 PSYoungGen      total 15360K, used 15215K [0x00000000eab00000, 0x00000000ebd80000, 0x0000000100000000)
  eden space 11776K, 100% used [0x00000000eab00000,0x00000000eb680000,0x00000000eb680000)
  from space 3584K, 95% used [0x00000000eb680000,0x00000000eb9dbd70,0x00000000eba00000)
  to   space 3584K, 0% used [0x00000000eba00000,0x00000000eba00000,0x00000000ebd80000)
 ParOldGen       total 116224K, used 98956K [0x00000000c0000000, 0x00000000c7180000, 0x00000000eab00000)
  object space 116224K, 85% used [0x00000000c0000000,0x00000000c60a31c8,0x00000000c7180000)
 Metaspace       used 70979K, committed 72256K, reserved 1114112K
  class space    used 7428K, committed 8000K, reserved 1048576K
}
Event: 161.704 GC heap after
{Heap after GC invocations=75 (full 5):
 PSYoungGen      total 15360K, used 3519K [0x00000000eab00000, 0x00000000ebd80000, 0x0000000100000000)
  eden space 11776K, 0% used [0x00000000eab00000,0x00000000eab00000,0x00000000eb680000)
  from space 3584K, 98% used [0x00000000eba00000,0x00000000ebd6fda0,0x00000000ebd80000)
  to   space 3584K, 0% used [0x00000000eb680000,0x00000000eb680000,0x00000000eba00000)
 ParOldGen       total 116224K, used 98964K [0x00000000c0000000, 0x00000000c7180000, 0x00000000eab00000)
  object space 116224K, 85% used [0x00000000c0000000,0x00000000c60a51c8,0x00000000c7180000)
 Metaspace       used 70979K, committed 72256K, reserved 1114112K
  class space    used 7428K, committed 8000K, reserved 1048576K
}
Event: 163.198 GC heap before
{Heap before GC invocations=76 (full 5):
 PSYoungGen      total 15360K, used 15295K [0x00000000eab00000, 0x00000000ebd80000, 0x0000000100000000)
  eden space 11776K, 100% used [0x00000000eab00000,0x00000000eb680000,0x00000000eb680000)
  from space 3584K, 98% used [0x00000000eba00000,0x00000000ebd6fda0,0x00000000ebd80000)
  to   space 3584K, 0% used [0x00000000eb680000,0x00000000eb680000,0x00000000eba00000)
 ParOldGen       total 116224K, used 98964K [0x00000000c0000000, 0x00000000c7180000, 0x00000000eab00000)
  object space 116224K, 85% used [0x00000000c0000000,0x00000000c60a51c8,0x00000000c7180000)
 Metaspace       used 71262K, committed 72512K, reserved 1114112K
  class space    used 7456K, committed 8000K, reserved 1048576K
}
Event: 163.209 GC heap after
{Heap after GC invocations=76 (full 5):
 PSYoungGen      total 15360K, used 3569K [0x00000000eab00000, 0x00000000ebf80000, 0x0000000100000000)
  eden space 11776K, 0% used [0x00000000eab00000,0x00000000eab00000,0x00000000eb680000)
  from space 3584K, 99% used [0x00000000eb680000,0x00000000eb9fc540,0x00000000eba00000)
  to   space 4608K, 0% used [0x00000000ebb00000,0x00000000ebb00000,0x00000000ebf80000)
 ParOldGen       total 116224K, used 99564K [0x00000000c0000000, 0x00000000c7180000, 0x00000000eab00000)
  object space 116224K, 85% used [0x00000000c0000000,0x00000000c613b208,0x00000000c7180000)
 Metaspace       used 71262K, committed 72512K, reserved 1114112K
  class space    used 7456K, committed 8000K, reserved 1048576K
}
Event: 166.433 GC heap before
{Heap before GC invocations=77 (full 5):
 PSYoungGen      total 15360K, used 15333K [0x00000000eab00000, 0x00000000ebf80000, 0x0000000100000000)
  eden space 11776K, 99% used [0x00000000eab00000,0x00000000eb67d018,0x00000000eb680000)
  from space 3584K, 99% used [0x00000000eb680000,0x00000000eb9fc540,0x00000000eba00000)
  to   space 4608K, 0% used [0x00000000ebb00000,0x00000000ebb00000,0x00000000ebf80000)
 ParOldGen       total 116224K, used 99564K [0x00000000c0000000, 0x00000000c7180000, 0x00000000eab00000)
  object space 116224K, 85% used [0x00000000c0000000,0x00000000c613b208,0x00000000c7180000)
 Metaspace       used 71701K, committed 72960K, reserved 1114112K
  class space    used 7517K, committed 8064K, reserved 1048576K
}
Event: 166.450 GC heap after
{Heap after GC invocations=77 (full 5):
 PSYoungGen      total 15872K, used 4047K [0x00000000eab00000, 0x00000000ebf00000, 0x0000000100000000)
  eden space 11776K, 0% used [0x00000000eab00000,0x00000000eab00000,0x00000000eb680000)
  from space 4096K, 98% used [0x00000000ebb00000,0x00000000ebef3d90,0x00000000ebf00000)
  to   space 4096K, 0% used [0x00000000eb700000,0x00000000eb700000,0x00000000ebb00000)
 ParOldGen       total 116224K, used 99596K [0x00000000c0000000, 0x00000000c7180000, 0x00000000eab00000)
  object space 116224K, 85% used [0x00000000c0000000,0x00000000c6143208,0x00000000c7180000)
 Metaspace       used 71701K, committed 72960K, reserved 1114112K
  class space    used 7517K, committed 8064K, reserved 1048576K
}
Event: 172.519 GC heap before
{Heap before GC invocations=78 (full 5):
 PSYoungGen      total 15872K, used 15823K [0x00000000eab00000, 0x00000000ebf00000, 0x0000000100000000)
  eden space 11776K, 100% used [0x00000000eab00000,0x00000000eb680000,0x00000000eb680000)
  from space 4096K, 98% used [0x00000000ebb00000,0x00000000ebef3d90,0x00000000ebf00000)
  to   space 4096K, 0% used [0x00000000eb700000,0x00000000eb700000,0x00000000ebb00000)
 ParOldGen       total 116224K, used 99596K [0x00000000c0000000, 0x00000000c7180000, 0x00000000eab00000)
  object space 116224K, 85% used [0x00000000c0000000,0x00000000c6143208,0x00000000c7180000)
 Metaspace       used 72136K, committed 73408K, reserved 1179648K
  class space    used 7569K, committed 8128K, reserved 1048576K
}
Event: 172.536 GC heap after
{Heap after GC invocations=78 (full 5):
 PSYoungGen      total 15872K, used 4075K [0x00000000eab00000, 0x00000000ec480000, 0x0000000100000000)
  eden space 11776K, 0% used [0x00000000eab00000,0x00000000eab00000,0x00000000eb680000)
  from space 4096K, 99% used [0x00000000eb700000,0x00000000ebafadd8,0x00000000ebb00000)
  to   space 7168K, 0% used [0x00000000ebd80000,0x00000000ebd80000,0x00000000ec480000)
 ParOldGen       total 116224K, used 102030K [0x00000000c0000000, 0x00000000c7180000, 0x00000000eab00000)
  object space 116224K, 87% used [0x00000000c0000000,0x00000000c63a3970,0x00000000c7180000)
 Metaspace       used 72136K, committed 73408K, reserved 1179648K
  class space    used 7569K, committed 8128K, reserved 1048576K
}
Event: 175.964 GC heap before
{Heap before GC invocations=79 (full 5):
 PSYoungGen      total 15872K, used 15851K [0x00000000eab00000, 0x00000000ec480000, 0x0000000100000000)
  eden space 11776K, 100% used [0x00000000eab00000,0x00000000eb680000,0x00000000eb680000)
  from space 4096K, 99% used [0x00000000eb700000,0x00000000ebafadd8,0x00000000ebb00000)
  to   space 7168K, 0% used [0x00000000ebd80000,0x00000000ebd80000,0x00000000ec480000)
 ParOldGen       total 116224K, used 102030K [0x00000000c0000000, 0x00000000c7180000, 0x00000000eab00000)
  object space 116224K, 87% used [0x00000000c0000000,0x00000000c63a3970,0x00000000c7180000)
 Metaspace       used 72493K, committed 73792K, reserved 1179648K
  class space    used 7609K, committed 8192K, reserved 1048576K
}
Event: 175.981 GC heap after
{Heap after GC invocations=79 (full 5):
 PSYoungGen      total 17920K, used 5885K [0x00000000eab00000, 0x00000000ec380000, 0x0000000100000000)
  eden space 11776K, 0% used [0x00000000eab00000,0x00000000eab00000,0x00000000eb680000)
  from space 6144K, 95% used [0x00000000ebd80000,0x00000000ec33f700,0x00000000ec380000)
  to   space 6144K, 0% used [0x00000000eb780000,0x00000000eb780000,0x00000000ebd80000)
 ParOldGen       total 116224K, used 102268K [0x00000000c0000000, 0x00000000c7180000, 0x00000000eab00000)
  object space 116224K, 87% used [0x00000000c0000000,0x00000000c63df2b8,0x00000000c7180000)
 Metaspace       used 72493K, committed 73792K, reserved 1179648K
  class space    used 7609K, committed 8192K, reserved 1048576K
}
Event: 183.519 GC heap before
{Heap before GC invocations=80 (full 5):
 PSYoungGen      total 17920K, used 17661K [0x00000000eab00000, 0x00000000ec380000, 0x0000000100000000)
  eden space 11776K, 100% used [0x00000000eab00000,0x00000000eb680000,0x00000000eb680000)
  from space 6144K, 95% used [0x00000000ebd80000,0x00000000ec33f700,0x00000000ec380000)
  to   space 6144K, 0% used [0x00000000eb780000,0x00000000eb780000,0x00000000ebd80000)
 ParOldGen       total 116224K, used 102268K [0x00000000c0000000, 0x00000000c7180000, 0x00000000eab00000)
  object space 116224K, 87% used [0x00000000c0000000,0x00000000c63df2b8,0x00000000c7180000)
 Metaspace       used 72650K, committed 73920K, reserved 1179648K
  class space    used 7622K, committed 8192K, reserved 1048576K
}
Event: 183.538 GC heap after
{Heap after GC invocations=80 (full 5):
 PSYoungGen      total 16896K, used 4920K [0x00000000eab00000, 0x00000000ec180000, 0x0000000100000000)
  eden space 11776K, 0% used [0x00000000eab00000,0x00000000eab00000,0x00000000eb680000)
  from space 5120K, 96% used [0x00000000eb780000,0x00000000ebc4e110,0x00000000ebc80000)
  to   space 5120K, 0% used [0x00000000ebc80000,0x00000000ebc80000,0x00000000ec180000)
 ParOldGen       total 116224K, used 102276K [0x00000000c0000000, 0x00000000c7180000, 0x00000000eab00000)
  object space 116224K, 87% used [0x00000000c0000000,0x00000000c63e12b8,0x00000000c7180000)
 Metaspace       used 72650K, committed 73920K, reserved 1179648K
  class space    used 7622K, committed 8192K, reserved 1048576K
}
Event: 184.536 GC heap before
{Heap before GC invocations=81 (full 5):
 PSYoungGen      total 16896K, used 16694K [0x00000000eab00000, 0x00000000ec180000, 0x0000000100000000)
  eden space 11776K, 99% used [0x00000000eab00000,0x00000000eb67f720,0x00000000eb680000)
  from space 5120K, 96% used [0x00000000eb780000,0x00000000ebc4e110,0x00000000ebc80000)
  to   space 5120K, 0% used [0x00000000ebc80000,0x00000000ebc80000,0x00000000ec180000)
 ParOldGen       total 116224K, used 102276K [0x00000000c0000000, 0x00000000c7180000, 0x00000000eab00000)
  object space 116224K, 87% used [0x00000000c0000000,0x00000000c63e12b8,0x00000000c7180000)
 Metaspace       used 72805K, committed 74048K, reserved 1179648K
  class space    used 7624K, committed 8192K, reserved 1048576K
}
Event: 184.553 GC heap after
{Heap after GC invocations=81 (full 5):
 PSYoungGen      total 16896K, used 4648K [0x00000000eab00000, 0x00000000ec180000, 0x0000000100000000)
  eden space 11776K, 0% used [0x00000000eab00000,0x00000000eab00000,0x00000000eb680000)
  from space 5120K, 90% used [0x00000000ebc80000,0x00000000ec10a018,0x00000000ec180000)
  to   space 5120K, 0% used [0x00000000eb780000,0x00000000eb780000,0x00000000ebc80000)
 ParOldGen       total 116224K, used 102928K [0x00000000c0000000, 0x00000000c7180000, 0x00000000eab00000)
  object space 116224K, 88% used [0x00000000c0000000,0x00000000c6484078,0x00000000c7180000)
 Metaspace       used 72805K, committed 74048K, reserved 1179648K
  class space    used 7624K, committed 8192K, reserved 1048576K
}

